2025-07-11 19:23:34 - src.logger - INFO - setup_logger:82 - Logging system initialized. Log directory: C:\Users\matcg\Documents\GitHub\aportes-otimizacao\logs
2025-07-11 19:23:34 - src.logger - INFO - setup_logger:84 - Log file: C:\Users\matcg\Documents\GitHub\aportes-otimizacao\logs\aportes_otimizacao_20250711_192334.log
2025-07-11 19:23:34 - src.allocate - INFO - otimiza_aporte:131 - Optimizing Allocation...
2025-07-11 19:23:34 - src.allocate - INFO - aporte_inicial:10 - Initial Assets has been started...
2025-07-11 19:23:34 - src.allocate - INFO - aporte_inicial:56 - Initial Assets calculation completed successfully
2025-07-11 19:23:34 - src.allocate - INFO - calcula_sobra:62 - Computing remaining values...
2025-07-11 19:23:34 - src.allocate - INFO - calcula_sobra:72 - Final remaining value calculated: R$ 1,926.41
2025-07-11 19:23:34 - src.allocate - INFO - otimiza_aporte:159 - Optimization completed after 30 iterations
2025-07-11 19:23:34 - src.allocate - INFO - exibir_resultado_formatado:167 - Displaying Rebalancing results for final user
2025-07-11 19:23:34 - src.allocate - INFO - exibir_resultado_formatado:199 - Remaining R$ 19.81 will go to SELIC
2025-07-11 19:23:34 - src.allocate - INFO - exibir_resultado_formatado:201 - Rebalancing results displayed successfully
2025-07-11 19:23:34 - src.allocate - INFO - otimizar_aporte_lp:407 - Starting Linear Programming optimization...
2025-07-11 19:23:34 - src.allocate - INFO - otimizar_aporte_lp:425 - Creating LP problem...
2025-07-11 19:23:34 - src.allocate - INFO - criar_variaveis_lp:209 - Creating variables for Linear Programming Operation
2025-07-11 19:23:34 - src.allocate - INFO - criar_variaveis_lp:238 - LP variables created successfully
2025-07-11 19:23:34 - src.allocate - INFO - adicionar_restricoes_lp:248 - Adding restraints for problem optimization...
2025-07-11 19:23:34 - src.allocate - INFO - adicionar_restricoes_lp:299 - All constraints added successfully
2025-07-11 19:23:34 - src.allocate - INFO - definir_objetivo_lp:305 - Defining objective problem optimization...
2025-07-11 19:23:34 - src.allocate - INFO - otimizar_aporte_lp:432 - Solving LP problem...
2025-07-11 19:23:34 - src.allocate - INFO - otimizar_aporte_lp:436 - LP solver status: Optimal
2025-07-11 19:23:34 - src.allocate - INFO - otimizar_aporte_lp:439 - Optimal solution found
2025-07-11 19:23:34 - src.allocate - INFO - extrair_resultados_lp:316 - Extracting optimized values...
2025-07-11 19:23:34 - src.allocate - INFO - extrair_resultados_lp:381 - Displaying Linear Programming results for final user
2025-07-11 19:23:34 - src.allocate - INFO - extrair_resultados_lp:400 - Linear Programming results displayed successfully
2025-07-11 19:23:34 - src.allocate - INFO - otimizar_aporte_lp:444 - LP optimization completed successfully
2025-07-11 19:23:34 - src.simulator - INFO - __init__:15 - Initializing PortfolioSimulator
2025-07-11 19:23:34 - src.simulator - INFO - __init__:33 - PortfolioSimulator initialized with capital: R$ 7,500.00
2025-07-11 19:23:34 - src.simulator - INFO - simular:423 - Starting portfolio simulation for 24 months
2025-07-11 19:23:34 - src.simulator - INFO - obter_dados_historicos:115 - Getting Historical Ticker Prices for 24 months
2025-07-11 19:23:34 - src.simulator - INFO - obter_dados_historicos:119 - Using custom end date: 2025-05-01
2025-07-11 19:23:34 - src.simulator - INFO - obter_dados_historicos:125 - Data collection period: 2023-05-12 to 2025-05-01
2025-07-11 19:23:35 - src.simulator - INFO - mapear_tickers:39 - Mapping portfolio tickers...
2025-07-11 19:23:35 - src.simulator - INFO - mapear_tickers:58 - Ticker mapping completed: 11 fixed income, 42 BR stocks, 10 US stocks
2025-07-11 19:23:35 - src.simulator - INFO - obter_dados_historicos:130 - Fetching USD/BRL exchange rate
2025-07-11 19:23:35 - src.simulator - INFO - obter_dados_historicos:135 - USD/BRL data collected: 511 records
2025-07-11 19:23:35 - src.simulator - INFO - obter_dados_historicos:141 - Starting data collection for 61 tickers
2025-07-11 19:23:35 - src.simulator - INFO - _selic_fator_mensal:65 - Getting SELIC Index from 2023-05-12 to 2025-05-01
2025-07-11 19:23:36 - src.simulator - INFO - _selic_fator_mensal:77 - SELIC data processed successfully: 25 monthly factors
2025-07-11 19:23:36 - src.simulator - INFO - _selic_fator_mensal:65 - Getting SELIC Index from 2023-05-12 to 2025-05-01
2025-07-11 19:23:36 - src.simulator - INFO - _selic_fator_mensal:77 - SELIC data processed successfully: 25 monthly factors
2025-07-11 19:23:36 - src.simulator - INFO - _selic_fator_mensal:65 - Getting SELIC Index from 2023-05-12 to 2025-05-01
2025-07-11 19:23:36 - src.simulator - INFO - _selic_fator_mensal:77 - SELIC data processed successfully: 25 monthly factors
2025-07-11 19:23:36 - src.simulator - INFO - _selic_fator_mensal:65 - Getting SELIC Index from 2023-05-12 to 2025-05-01
2025-07-11 19:23:36 - src.simulator - INFO - _selic_fator_mensal:77 - SELIC data processed successfully: 25 monthly factors
2025-07-11 19:23:36 - src.simulator - INFO - _selic_fator_mensal:65 - Getting SELIC Index from 2023-05-12 to 2025-05-01
2025-07-11 19:23:36 - src.simulator - INFO - _selic_fator_mensal:77 - SELIC data processed successfully: 25 monthly factors
2025-07-11 19:23:36 - src.simulator - INFO - _ipca_fator_mensal:85 - Getting IPCA Index from 2023-05-12 to 2025-05-01
2025-07-11 19:23:37 - src.simulator - INFO - _ipca_fator_mensal:97 - IPCA data processed successfully: 25 monthly factors
2025-07-11 19:23:37 - src.simulator - INFO - _ipca_fator_mensal:85 - Getting IPCA Index from 2023-05-12 to 2025-05-01
2025-07-11 19:23:37 - src.simulator - INFO - _ipca_fator_mensal:97 - IPCA data processed successfully: 25 monthly factors
2025-07-11 19:23:57 - src.simulator - INFO - obter_dados_historicos:203 - Historical data collection completed: 61 tickers processed
2025-07-11 19:23:57 - src.simulator - INFO - simular:432 - Historical data obtained for 61 tickers
2025-07-11 19:23:57 - src.simulator - INFO - simular:444 - Initial portfolio value: R$ 296,614.42
2025-07-11 19:23:57 - src.simulator - INFO - simular:455 - Starting monthly simulation loop
2025-07-11 19:23:57 - src.simulator - INFO - simular:457 - Processing month 1/24: 2023-08-01
2025-07-11 19:23:57 - src.simulator - INFO - _aporte_deficit:208 - Strategy 1: Asset by Rebalancing Portfolio - Month 1
2025-07-11 19:23:57 - src.simulator - INFO - _aporte_deficit:243 - Deficit strategy completed: 36 assets bought, R$ 5,746.38 invested, R$ 1,753.62 leftover
2025-07-11 19:23:57 - src.simulator - INFO - _aporte_po:248 - Strategy 2: Asset by Linear Programming Portfolio optimization - Month 1
2025-07-11 19:23:57 - src.simulator - INFO - _aporte_po:341 - Optimization solved successfully
2025-07-11 19:23:57 - src.simulator - INFO - _aporte_po:372 - PO strategy completed: 6 assets bought, R$ 7,500.00 invested, R$ -0.00 leftover
2025-07-11 19:23:57 - src.simulator - INFO - simular:457 - Processing month 2/24: 2023-09-01
2025-07-11 19:23:57 - src.simulator - INFO - _aporte_deficit:208 - Strategy 1: Asset by Rebalancing Portfolio - Month 2
2025-07-11 19:23:57 - src.simulator - INFO - _aporte_deficit:243 - Deficit strategy completed: 36 assets bought, R$ 6,025.95 invested, R$ 1,474.05 leftover
2025-07-11 19:23:57 - src.simulator - INFO - _aporte_po:248 - Strategy 2: Asset by Linear Programming Portfolio optimization - Month 2
2025-07-11 19:23:58 - src.simulator - INFO - _aporte_po:341 - Optimization solved successfully
2025-07-11 19:23:58 - src.simulator - INFO - _aporte_po:372 - PO strategy completed: 5 assets bought, R$ 7,500.00 invested, R$ -0.00 leftover
2025-07-11 19:23:58 - src.simulator - INFO - simular:457 - Processing month 3/24: 2023-10-01
2025-07-11 19:23:58 - src.simulator - INFO - _aporte_deficit:208 - Strategy 1: Asset by Rebalancing Portfolio - Month 3
2025-07-11 19:23:58 - src.simulator - INFO - _aporte_deficit:243 - Deficit strategy completed: 37 assets bought, R$ 5,724.02 invested, R$ 1,775.98 leftover
2025-07-11 19:23:58 - src.simulator - INFO - _aporte_po:248 - Strategy 2: Asset by Linear Programming Portfolio optimization - Month 3
2025-07-11 19:23:58 - src.simulator - INFO - _aporte_po:341 - Optimization solved successfully
2025-07-11 19:23:58 - src.simulator - INFO - _aporte_po:372 - PO strategy completed: 7 assets bought, R$ 7,500.00 invested, R$ 0.00 leftover
2025-07-11 19:23:58 - src.simulator - INFO - simular:457 - Processing month 4/24: 2023-11-01
2025-07-11 19:23:58 - src.simulator - INFO - _aporte_deficit:208 - Strategy 1: Asset by Rebalancing Portfolio - Month 4
2025-07-11 19:23:58 - src.simulator - INFO - _aporte_deficit:243 - Deficit strategy completed: 36 assets bought, R$ 5,687.57 invested, R$ 1,812.43 leftover
2025-07-11 19:23:58 - src.simulator - INFO - _aporte_po:248 - Strategy 2: Asset by Linear Programming Portfolio optimization - Month 4
2025-07-11 19:23:59 - src.simulator - INFO - _aporte_po:341 - Optimization solved successfully
2025-07-11 19:23:59 - src.simulator - INFO - _aporte_po:372 - PO strategy completed: 9 assets bought, R$ 7,500.00 invested, R$ -0.00 leftover
2025-07-11 19:23:59 - src.simulator - INFO - simular:457 - Processing month 5/24: 2023-12-01
2025-07-11 19:23:59 - src.simulator - INFO - _aporte_deficit:208 - Strategy 1: Asset by Rebalancing Portfolio - Month 5
2025-07-11 19:23:59 - src.simulator - INFO - _aporte_deficit:243 - Deficit strategy completed: 35 assets bought, R$ 5,628.14 invested, R$ 1,871.86 leftover
2025-07-11 19:23:59 - src.simulator - INFO - _aporte_po:248 - Strategy 2: Asset by Linear Programming Portfolio optimization - Month 5
2025-07-11 19:23:59 - src.simulator - INFO - _aporte_po:341 - Optimization solved successfully
2025-07-11 19:23:59 - src.simulator - INFO - _aporte_po:372 - PO strategy completed: 5 assets bought, R$ 7,500.00 invested, R$ 0.00 leftover
2025-07-11 19:23:59 - src.simulator - INFO - simular:457 - Processing month 6/24: 2024-01-01
2025-07-11 19:23:59 - src.simulator - INFO - _aporte_deficit:208 - Strategy 1: Asset by Rebalancing Portfolio - Month 6
2025-07-11 19:23:59 - src.simulator - INFO - _aporte_deficit:243 - Deficit strategy completed: 36 assets bought, R$ 5,454.17 invested, R$ 2,045.83 leftover
2025-07-11 19:23:59 - src.simulator - INFO - _aporte_po:248 - Strategy 2: Asset by Linear Programming Portfolio optimization - Month 6
2025-07-11 19:23:59 - src.simulator - INFO - _aporte_po:341 - Optimization solved successfully
2025-07-11 19:23:59 - src.simulator - INFO - _aporte_po:372 - PO strategy completed: 10 assets bought, R$ 7,500.00 invested, R$ 0.00 leftover
2025-07-11 19:23:59 - src.simulator - INFO - simular:457 - Processing month 7/24: 2024-02-01
2025-07-11 19:23:59 - src.simulator - INFO - _aporte_deficit:208 - Strategy 1: Asset by Rebalancing Portfolio - Month 7
2025-07-11 19:23:59 - src.simulator - INFO - _aporte_deficit:243 - Deficit strategy completed: 36 assets bought, R$ 5,413.01 invested, R$ 2,086.99 leftover
2025-07-11 19:23:59 - src.simulator - INFO - _aporte_po:248 - Strategy 2: Asset by Linear Programming Portfolio optimization - Month 7
2025-07-11 19:24:00 - src.simulator - INFO - _aporte_po:341 - Optimization solved successfully
2025-07-11 19:24:00 - src.simulator - INFO - _aporte_po:372 - PO strategy completed: 8 assets bought, R$ 7,500.00 invested, R$ 0.00 leftover
2025-07-11 19:24:00 - src.simulator - INFO - simular:457 - Processing month 8/24: 2024-03-01
2025-07-11 19:24:00 - src.simulator - INFO - _aporte_deficit:208 - Strategy 1: Asset by Rebalancing Portfolio - Month 8
2025-07-11 19:24:00 - src.simulator - INFO - _aporte_deficit:243 - Deficit strategy completed: 37 assets bought, R$ 5,293.70 invested, R$ 2,206.30 leftover
2025-07-11 19:24:00 - src.simulator - INFO - _aporte_po:248 - Strategy 2: Asset by Linear Programming Portfolio optimization - Month 8
2025-07-11 19:24:00 - src.simulator - INFO - _aporte_po:341 - Optimization solved successfully
2025-07-11 19:24:00 - src.simulator - INFO - _aporte_po:372 - PO strategy completed: 4 assets bought, R$ 7,500.00 invested, R$ 0.00 leftover
2025-07-11 19:24:00 - src.simulator - INFO - simular:457 - Processing month 9/24: 2024-04-01
2025-07-11 19:24:00 - src.simulator - INFO - _aporte_deficit:208 - Strategy 1: Asset by Rebalancing Portfolio - Month 9
2025-07-11 19:24:00 - src.simulator - INFO - _aporte_deficit:243 - Deficit strategy completed: 38 assets bought, R$ 5,397.73 invested, R$ 2,102.27 leftover
2025-07-11 19:24:00 - src.simulator - INFO - _aporte_po:248 - Strategy 2: Asset by Linear Programming Portfolio optimization - Month 9
2025-07-11 19:24:01 - src.simulator - INFO - _aporte_po:341 - Optimization solved successfully
2025-07-11 19:24:01 - src.simulator - INFO - _aporte_po:372 - PO strategy completed: 11 assets bought, R$ 7,500.00 invested, R$ -0.00 leftover
2025-07-11 19:24:01 - src.simulator - INFO - simular:457 - Processing month 10/24: 2024-05-01
2025-07-11 19:24:01 - src.simulator - INFO - _aporte_deficit:208 - Strategy 1: Asset by Rebalancing Portfolio - Month 10
2025-07-11 19:24:01 - src.simulator - INFO - _aporte_deficit:243 - Deficit strategy completed: 38 assets bought, R$ 5,121.56 invested, R$ 2,378.44 leftover
2025-07-11 19:24:01 - src.simulator - INFO - _aporte_po:248 - Strategy 2: Asset by Linear Programming Portfolio optimization - Month 10
2025-07-11 19:24:01 - src.simulator - INFO - _aporte_po:341 - Optimization solved successfully
2025-07-11 19:24:01 - src.simulator - INFO - _aporte_po:372 - PO strategy completed: 10 assets bought, R$ 7,500.00 invested, R$ 0.00 leftover
2025-07-11 19:24:01 - src.simulator - INFO - simular:457 - Processing month 11/24: 2024-06-01
2025-07-11 19:24:01 - src.simulator - INFO - _aporte_deficit:208 - Strategy 1: Asset by Rebalancing Portfolio - Month 11
2025-07-11 19:24:01 - src.simulator - INFO - _aporte_deficit:243 - Deficit strategy completed: 38 assets bought, R$ 5,112.67 invested, R$ 2,387.33 leftover
2025-07-11 19:24:01 - src.simulator - INFO - _aporte_po:248 - Strategy 2: Asset by Linear Programming Portfolio optimization - Month 11
2025-07-11 19:24:01 - src.simulator - INFO - _aporte_po:341 - Optimization solved successfully
2025-07-11 19:24:01 - src.simulator - INFO - _aporte_po:372 - PO strategy completed: 10 assets bought, R$ 7,500.00 invested, R$ -0.00 leftover
2025-07-11 19:24:01 - src.simulator - INFO - simular:457 - Processing month 12/24: 2024-07-01
2025-07-11 19:24:01 - src.simulator - INFO - _aporte_deficit:208 - Strategy 1: Asset by Rebalancing Portfolio - Month 12
2025-07-11 19:24:01 - src.simulator - INFO - _aporte_deficit:243 - Deficit strategy completed: 40 assets bought, R$ 5,144.99 invested, R$ 2,355.01 leftover
2025-07-11 19:24:01 - src.simulator - INFO - _aporte_po:248 - Strategy 2: Asset by Linear Programming Portfolio optimization - Month 12
2025-07-11 19:24:04 - src.simulator - INFO - _aporte_po:341 - Optimization solved successfully
2025-07-11 19:24:04 - src.simulator - INFO - _aporte_po:372 - PO strategy completed: 6 assets bought, R$ 7,500.00 invested, R$ 0.00 leftover
2025-07-11 19:24:04 - src.simulator - INFO - simular:457 - Processing month 13/24: 2024-08-01
2025-07-11 19:24:04 - src.simulator - INFO - _aporte_deficit:208 - Strategy 1: Asset by Rebalancing Portfolio - Month 13
2025-07-11 19:24:04 - src.simulator - INFO - _aporte_deficit:243 - Deficit strategy completed: 39 assets bought, R$ 5,118.21 invested, R$ 2,381.79 leftover
2025-07-11 19:24:04 - src.simulator - INFO - _aporte_po:248 - Strategy 2: Asset by Linear Programming Portfolio optimization - Month 13
2025-07-11 19:24:04 - src.simulator - INFO - _aporte_po:341 - Optimization solved successfully
2025-07-11 19:24:04 - src.simulator - INFO - _aporte_po:372 - PO strategy completed: 10 assets bought, R$ 7,500.00 invested, R$ -0.00 leftover
2025-07-11 19:24:04 - src.simulator - INFO - simular:457 - Processing month 14/24: 2024-09-01
2025-07-11 19:24:04 - src.simulator - INFO - _aporte_deficit:208 - Strategy 1: Asset by Rebalancing Portfolio - Month 14
2025-07-11 19:24:04 - src.simulator - INFO - _aporte_deficit:243 - Deficit strategy completed: 38 assets bought, R$ 5,047.82 invested, R$ 2,452.18 leftover
2025-07-11 19:24:04 - src.simulator - INFO - _aporte_po:248 - Strategy 2: Asset by Linear Programming Portfolio optimization - Month 14
2025-07-11 19:24:04 - src.simulator - INFO - _aporte_po:341 - Optimization solved successfully
2025-07-11 19:24:04 - src.simulator - INFO - _aporte_po:372 - PO strategy completed: 15 assets bought, R$ 7,500.00 invested, R$ -0.00 leftover
2025-07-11 19:24:04 - src.simulator - INFO - simular:457 - Processing month 15/24: 2024-10-01
2025-07-11 19:24:04 - src.simulator - INFO - _aporte_deficit:208 - Strategy 1: Asset by Rebalancing Portfolio - Month 15
2025-07-11 19:24:04 - src.simulator - INFO - _aporte_deficit:243 - Deficit strategy completed: 41 assets bought, R$ 5,138.10 invested, R$ 2,361.90 leftover
2025-07-11 19:24:04 - src.simulator - INFO - _aporte_po:248 - Strategy 2: Asset by Linear Programming Portfolio optimization - Month 15
2025-07-11 19:24:05 - src.simulator - INFO - _aporte_po:341 - Optimization solved successfully
2025-07-11 19:24:05 - src.simulator - INFO - _aporte_po:372 - PO strategy completed: 10 assets bought, R$ 7,500.00 invested, R$ -0.00 leftover
2025-07-11 19:24:05 - src.simulator - INFO - simular:457 - Processing month 16/24: 2024-11-01
2025-07-11 19:24:05 - src.simulator - INFO - _aporte_deficit:208 - Strategy 1: Asset by Rebalancing Portfolio - Month 16
2025-07-11 19:24:05 - src.simulator - INFO - _aporte_deficit:243 - Deficit strategy completed: 41 assets bought, R$ 4,944.47 invested, R$ 2,555.53 leftover
2025-07-11 19:24:05 - src.simulator - INFO - _aporte_po:248 - Strategy 2: Asset by Linear Programming Portfolio optimization - Month 16
2025-07-11 19:24:05 - src.simulator - INFO - _aporte_po:341 - Optimization solved successfully
2025-07-11 19:24:05 - src.simulator - INFO - _aporte_po:372 - PO strategy completed: 9 assets bought, R$ 7,500.00 invested, R$ -0.00 leftover
2025-07-11 19:24:05 - src.simulator - INFO - simular:457 - Processing month 17/24: 2024-12-01
2025-07-11 19:24:05 - src.simulator - INFO - _aporte_deficit:208 - Strategy 1: Asset by Rebalancing Portfolio - Month 17
2025-07-11 19:24:05 - src.simulator - INFO - _aporte_deficit:243 - Deficit strategy completed: 41 assets bought, R$ 5,236.11 invested, R$ 2,263.89 leftover
2025-07-11 19:24:05 - src.simulator - INFO - _aporte_po:248 - Strategy 2: Asset by Linear Programming Portfolio optimization - Month 17
2025-07-11 19:24:06 - src.simulator - INFO - _aporte_po:341 - Optimization solved successfully
2025-07-11 19:24:06 - src.simulator - INFO - _aporte_po:372 - PO strategy completed: 10 assets bought, R$ 7,500.00 invested, R$ -0.00 leftover
2025-07-11 19:24:06 - src.simulator - INFO - simular:457 - Processing month 18/24: 2025-01-01
2025-07-11 19:24:06 - src.simulator - INFO - _aporte_deficit:208 - Strategy 1: Asset by Rebalancing Portfolio - Month 18
2025-07-11 19:24:06 - src.simulator - INFO - _aporte_deficit:243 - Deficit strategy completed: 41 assets bought, R$ 5,177.99 invested, R$ 2,322.01 leftover
2025-07-11 19:24:06 - src.simulator - INFO - _aporte_po:248 - Strategy 2: Asset by Linear Programming Portfolio optimization - Month 18
2025-07-11 19:24:06 - src.simulator - INFO - _aporte_po:341 - Optimization solved successfully
2025-07-11 19:24:06 - src.simulator - INFO - _aporte_po:372 - PO strategy completed: 9 assets bought, R$ 7,500.00 invested, R$ 0.00 leftover
2025-07-11 19:24:06 - src.simulator - INFO - simular:457 - Processing month 19/24: 2025-02-01
2025-07-11 19:24:06 - src.simulator - INFO - _aporte_deficit:208 - Strategy 1: Asset by Rebalancing Portfolio - Month 19
2025-07-11 19:24:06 - src.simulator - INFO - _aporte_deficit:243 - Deficit strategy completed: 41 assets bought, R$ 5,063.32 invested, R$ 2,436.68 leftover
2025-07-11 19:24:06 - src.simulator - INFO - _aporte_po:248 - Strategy 2: Asset by Linear Programming Portfolio optimization - Month 19
2025-07-11 19:24:06 - src.simulator - INFO - _aporte_po:341 - Optimization solved successfully
2025-07-11 19:24:06 - src.simulator - INFO - _aporte_po:372 - PO strategy completed: 12 assets bought, R$ 7,500.00 invested, R$ 0.00 leftover
2025-07-11 19:24:06 - src.simulator - INFO - simular:457 - Processing month 20/24: 2025-03-01
2025-07-11 19:24:07 - src.simulator - INFO - _aporte_deficit:208 - Strategy 1: Asset by Rebalancing Portfolio - Month 20
2025-07-11 19:24:07 - src.simulator - INFO - _aporte_deficit:243 - Deficit strategy completed: 41 assets bought, R$ 5,045.45 invested, R$ 2,454.55 leftover
2025-07-11 19:24:07 - src.simulator - INFO - _aporte_po:248 - Strategy 2: Asset by Linear Programming Portfolio optimization - Month 20
2025-07-11 19:24:07 - src.simulator - INFO - _aporte_po:341 - Optimization solved successfully
2025-07-11 19:24:07 - src.simulator - INFO - _aporte_po:372 - PO strategy completed: 4 assets bought, R$ 7,500.00 invested, R$ 0.00 leftover
2025-07-11 19:24:07 - src.simulator - INFO - simular:457 - Processing month 21/24: 2025-04-01
2025-07-11 19:24:07 - src.simulator - INFO - _aporte_deficit:208 - Strategy 1: Asset by Rebalancing Portfolio - Month 21
2025-07-11 19:24:07 - src.simulator - INFO - _aporte_deficit:243 - Deficit strategy completed: 42 assets bought, R$ 5,104.02 invested, R$ 2,395.98 leftover
2025-07-11 19:24:07 - src.simulator - INFO - _aporte_po:248 - Strategy 2: Asset by Linear Programming Portfolio optimization - Month 21
2025-07-11 19:24:07 - src.simulator - INFO - _aporte_po:341 - Optimization solved successfully
2025-07-11 19:24:07 - src.simulator - INFO - _aporte_po:372 - PO strategy completed: 15 assets bought, R$ 7,500.00 invested, R$ 0.00 leftover
2025-07-11 19:24:07 - src.simulator - INFO - simular:457 - Processing month 22/24: 2025-05-01
2025-07-11 19:24:07 - src.simulator - INFO - _aporte_deficit:208 - Strategy 1: Asset by Rebalancing Portfolio - Month 22
2025-07-11 19:24:08 - src.simulator - INFO - _aporte_deficit:243 - Deficit strategy completed: 40 assets bought, R$ 5,112.70 invested, R$ 2,387.30 leftover
2025-07-11 19:24:08 - src.simulator - INFO - _aporte_po:248 - Strategy 2: Asset by Linear Programming Portfolio optimization - Month 22
2025-07-11 19:24:08 - src.simulator - INFO - _aporte_po:341 - Optimization solved successfully
2025-07-11 19:24:08 - src.simulator - INFO - _aporte_po:372 - PO strategy completed: 4 assets bought, R$ 7,500.00 invested, R$ 0.00 leftover
2025-07-11 19:24:08 - src.simulator - INFO - simular:457 - Processing month 23/24: 2025-06-01
2025-07-11 19:24:08 - src.simulator - INFO - _aporte_deficit:208 - Strategy 1: Asset by Rebalancing Portfolio - Month 23
2025-07-11 19:24:08 - src.simulator - INFO - _aporte_deficit:243 - Deficit strategy completed: 43 assets bought, R$ 5,411.95 invested, R$ 2,088.05 leftover
2025-07-11 19:24:08 - src.simulator - INFO - _aporte_po:248 - Strategy 2: Asset by Linear Programming Portfolio optimization - Month 23
2025-07-11 19:24:08 - src.simulator - INFO - _aporte_po:341 - Optimization solved successfully
2025-07-11 19:24:08 - src.simulator - INFO - _aporte_po:372 - PO strategy completed: 13 assets bought, R$ 7,500.00 invested, R$ 0.00 leftover
2025-07-11 19:24:08 - src.simulator - INFO - simular:457 - Processing month 24/24: 2025-07-01
2025-07-11 19:24:08 - src.simulator - INFO - _aporte_deficit:208 - Strategy 1: Asset by Rebalancing Portfolio - Month 24
2025-07-11 19:24:08 - src.simulator - INFO - _aporte_deficit:243 - Deficit strategy completed: 43 assets bought, R$ 5,104.17 invested, R$ 2,395.83 leftover
2025-07-11 19:24:08 - src.simulator - INFO - _aporte_po:248 - Strategy 2: Asset by Linear Programming Portfolio optimization - Month 24
2025-07-11 19:24:08 - src.simulator - INFO - _aporte_po:341 - Optimization solved successfully
2025-07-11 19:24:08 - src.simulator - INFO - _aporte_po:372 - PO strategy completed: 5 assets bought, R$ 7,500.00 invested, R$ -0.00 leftover
2025-07-11 19:24:08 - src.simulator - INFO - obter_df_aportes:418 - Detailed contributions dataframe created with 1178 records
